<?xml version="1.0" encoding="UTF-8"?>
<testsuite xmlns:xsi="http://www.w3.org/2001/XMLSchema-instance" xsi:noNamespaceSchemaLocation="https://maven.apache.org/surefire/maven-surefire-plugin/xsd/surefire-test-report-3.0.xsd" version="3.0" name="org.atlas.bank.DynamoDbClientProviderTest" time="0.006" tests="1" errors="0" skipped="0" failures="0">
  <properties>
    <property name="java.specification.version" value="24"/>
    <property name="sun.cpu.isalist" value="amd64"/>
    <property name="sun.jnu.encoding" value="Cp1252"/>
    <property name="java.class.path" value="C:\Users\jarunkur\OneDrive - amazon.com\Desktop\Atlas_Capstone\Banking Transaction jarunkur\target\test-classes;C:\Users\jarunkur\OneDrive - amazon.com\Desktop\Atlas_Capstone\Banking Transaction jarunkur\target\classes;C:\Users\jarunkur\.m2\repository\org\junit\jupiter\junit-jupiter-api\5.10.2\junit-jupiter-api-5.10.2.jar;C:\Users\jarunkur\.m2\repository\org\opentest4j\opentest4j\1.3.0\opentest4j-1.3.0.jar;C:\Users\jarunkur\.m2\repository\org\junit\platform\junit-platform-commons\1.10.2\junit-platform-commons-1.10.2.jar;C:\Users\jarunkur\.m2\repository\org\apiguardian\apiguardian-api\1.1.2\apiguardian-api-1.1.2.jar;C:\Users\jarunkur\.m2\repository\org\junit\jupiter\junit-jupiter-engine\5.10.2\junit-jupiter-engine-5.10.2.jar;C:\Users\jarunkur\.m2\repository\org\junit\platform\junit-platform-engine\1.10.2\junit-platform-engine-1.10.2.jar;C:\Users\jarunkur\.m2\repository\org\junit\jupiter\junit-jupiter-params\5.10.2\junit-jupiter-params-5.10.2.jar;C:\Users\jarunkur\.m2\repository\org\hamcrest\hamcrest-junit\2.0.0.0\hamcrest-junit-2.0.0.0.jar;C:\Users\jarunkur\.m2\repository\junit\junit\4.12\junit-4.12.jar;C:\Users\jarunkur\.m2\repository\org\hamcrest\hamcrest-core\1.3\hamcrest-core-1.3.jar;C:\Users\jarunkur\.m2\repository\org\hamcrest\java-hamcrest\2.0.0.0\java-hamcrest-2.0.0.0.jar;C:\Users\jarunkur\.m2\repository\org\mockito\mockito-core\5.14.1\mockito-core-5.14.1.jar;C:\Users\jarunkur\.m2\repository\net\bytebuddy\byte-buddy-agent\1.15.3\byte-buddy-agent-1.15.3.jar;C:\Users\jarunkur\.m2\repository\org\objenesis\objenesis\3.3\objenesis-3.3.jar;C:\Users\jarunkur\.m2\repository\org\mockito\mockito-junit-jupiter\5.14.1\mockito-junit-jupiter-5.14.1.jar;C:\Users\jarunkur\.m2\repository\net\bytebuddy\byte-buddy\1.15.10\byte-buddy-1.15.10.jar;C:\Users\jarunkur\.m2\repository\software\amazon\awssdk\dynamodb\2.33.4\dynamodb-2.33.4.jar;C:\Users\jarunkur\.m2\repository\software\amazon\awssdk\aws-json-protocol\2.33.4\aws-json-protocol-2.33.4.jar;C:\Users\jarunkur\.m2\repository\software\amazon\awssdk\third-party-jackson-core\2.33.4\third-party-jackson-core-2.33.4.jar;C:\Users\jarunkur\.m2\repository\software\amazon\awssdk\protocol-core\2.33.4\protocol-core-2.33.4.jar;C:\Users\jarunkur\.m2\repository\software\amazon\awssdk\profiles\2.33.4\profiles-2.33.4.jar;C:\Users\jarunkur\.m2\repository\software\amazon\awssdk\retries-spi\2.33.4\retries-spi-2.33.4.jar;C:\Users\jarunkur\.m2\repository\software\amazon\awssdk\http-auth-aws\2.33.4\http-auth-aws-2.33.4.jar;C:\Users\jarunkur\.m2\repository\software\amazon\awssdk\checksums-spi\2.33.4\checksums-spi-2.33.4.jar;C:\Users\jarunkur\.m2\repository\software\amazon\awssdk\checksums\2.33.4\checksums-2.33.4.jar;C:\Users\jarunkur\.m2\repository\software\amazon\awssdk\sdk-core\2.33.4\sdk-core-2.33.4.jar;C:\Users\jarunkur\.m2\repository\software\amazon\awssdk\retries\2.33.4\retries-2.33.4.jar;C:\Users\jarunkur\.m2\repository\org\slf4j\slf4j-api\1.7.36\slf4j-api-1.7.36.jar;C:\Users\jarunkur\.m2\repository\org\reactivestreams\reactive-streams\1.0.4\reactive-streams-1.0.4.jar;C:\Users\jarunkur\.m2\repository\software\amazon\awssdk\auth\2.33.4\auth-2.33.4.jar;C:\Users\jarunkur\.m2\repository\software\amazon\awssdk\http-auth-aws-eventstream\2.33.4\http-auth-aws-eventstream-2.33.4.jar;C:\Users\jarunkur\.m2\repository\software\amazon\eventstream\eventstream\1.0.1\eventstream-1.0.1.jar;C:\Users\jarunkur\.m2\repository\software\amazon\awssdk\http-auth-spi\2.33.4\http-auth-spi-2.33.4.jar;C:\Users\jarunkur\.m2\repository\software\amazon\awssdk\http-auth\2.33.4\http-auth-2.33.4.jar;C:\Users\jarunkur\.m2\repository\software\amazon\awssdk\identity-spi\2.33.4\identity-spi-2.33.4.jar;C:\Users\jarunkur\.m2\repository\software\amazon\awssdk\http-client-spi\2.33.4\http-client-spi-2.33.4.jar;C:\Users\jarunkur\.m2\repository\software\amazon\awssdk\regions\2.33.4\regions-2.33.4.jar;C:\Users\jarunkur\.m2\repository\software\amazon\awssdk\annotations\2.33.4\annotations-2.33.4.jar;C:\Users\jarunkur\.m2\repository\software\amazon\awssdk\utils\2.33.4\utils-2.33.4.jar;C:\Users\jarunkur\.m2\repository\software\amazon\awssdk\aws-core\2.33.4\aws-core-2.33.4.jar;C:\Users\jarunkur\.m2\repository\software\amazon\awssdk\metrics-spi\2.33.4\metrics-spi-2.33.4.jar;C:\Users\jarunkur\.m2\repository\software\amazon\awssdk\json-utils\2.33.4\json-utils-2.33.4.jar;C:\Users\jarunkur\.m2\repository\software\amazon\awssdk\endpoints-spi\2.33.4\endpoints-spi-2.33.4.jar;C:\Users\jarunkur\.m2\repository\software\amazon\awssdk\apache-client\2.33.4\apache-client-2.33.4.jar;C:\Users\jarunkur\.m2\repository\org\apache\httpcomponents\httpclient\4.5.13\httpclient-4.5.13.jar;C:\Users\jarunkur\.m2\repository\commons-logging\commons-logging\1.2\commons-logging-1.2.jar;C:\Users\jarunkur\.m2\repository\org\apache\httpcomponents\httpcore\4.4.16\httpcore-4.4.16.jar;C:\Users\jarunkur\.m2\repository\commons-codec\commons-codec\1.17.1\commons-codec-1.17.1.jar;C:\Users\jarunkur\.m2\repository\software\amazon\awssdk\netty-nio-client\2.33.4\netty-nio-client-2.33.4.jar;C:\Users\jarunkur\.m2\repository\io\netty\netty-codec-http\4.1.126.Final\netty-codec-http-4.1.126.Final.jar;C:\Users\jarunkur\.m2\repository\io\netty\netty-codec-http2\4.1.126.Final\netty-codec-http2-4.1.126.Final.jar;C:\Users\jarunkur\.m2\repository\io\netty\netty-codec\4.1.126.Final\netty-codec-4.1.126.Final.jar;C:\Users\jarunkur\.m2\repository\io\netty\netty-transport\4.1.126.Final\netty-transport-4.1.126.Final.jar;C:\Users\jarunkur\.m2\repository\io\netty\netty-common\4.1.126.Final\netty-common-4.1.126.Final.jar;C:\Users\jarunkur\.m2\repository\io\netty\netty-buffer\4.1.126.Final\netty-buffer-4.1.126.Final.jar;C:\Users\jarunkur\.m2\repository\io\netty\netty-handler\4.1.126.Final\netty-handler-4.1.126.Final.jar;C:\Users\jarunkur\.m2\repository\io\netty\netty-transport-native-unix-common\4.1.126.Final\netty-transport-native-unix-common-4.1.126.Final.jar;C:\Users\jarunkur\.m2\repository\io\netty\netty-transport-classes-epoll\4.1.126.Final\netty-transport-classes-epoll-4.1.126.Final.jar;C:\Users\jarunkur\.m2\repository\io\netty\netty-resolver\4.1.126.Final\netty-resolver-4.1.126.Final.jar;C:\Users\jarunkur\.m2\repository\com\fasterxml\jackson\core\jackson-databind\2.17.2\jackson-databind-2.17.2.jar;C:\Users\jarunkur\.m2\repository\com\fasterxml\jackson\core\jackson-annotations\2.17.2\jackson-annotations-2.17.2.jar;C:\Users\jarunkur\.m2\repository\com\fasterxml\jackson\core\jackson-core\2.17.2\jackson-core-2.17.2.jar;"/>
    <property name="java.vm.vendor" value="Oracle Corporation"/>
    <property name="sun.arch.data.model" value="64"/>
    <property name="user.variant" value=""/>
    <property name="java.vendor.url" value="https://java.oracle.com/"/>
    <property name="log4j2.formatMsgNoLookups" value="true"/>
    <property name="user.timezone" value="Asia/Calcutta"/>
    <property name="os.name" value="Windows 11"/>
    <property name="java.vm.specification.version" value="24"/>
    <property name="sun.java.launcher" value="SUN_STANDARD"/>
    <property name="user.country" value="US"/>
    <property name="sun.boot.library.path" value="C:\Users\jarunkur\.jdks\openjdk-24.0.1\bin"/>
    <property name="sun.java.command" value="C:\Users\jarunkur\AppData\Local\Temp\surefire2763099186264067529\surefirebooter-20251002184454003_3.jar C:\Users\jarunkur\AppData\Local\Temp\surefire2763099186264067529 2025-10-02T18-44-53_808-jvmRun1 surefire-20251002184454003_1tmp surefire_0-20251002184454003_2tmp"/>
    <property name="jdk.debug" value="release"/>
    <property name="surefire.test.class.path" value="C:\Users\jarunkur\OneDrive - amazon.com\Desktop\Atlas_Capstone\Banking Transaction jarunkur\target\test-classes;C:\Users\jarunkur\OneDrive - amazon.com\Desktop\Atlas_Capstone\Banking Transaction jarunkur\target\classes;C:\Users\jarunkur\.m2\repository\org\junit\jupiter\junit-jupiter-api\5.10.2\junit-jupiter-api-5.10.2.jar;C:\Users\jarunkur\.m2\repository\org\opentest4j\opentest4j\1.3.0\opentest4j-1.3.0.jar;C:\Users\jarunkur\.m2\repository\org\junit\platform\junit-platform-commons\1.10.2\junit-platform-commons-1.10.2.jar;C:\Users\jarunkur\.m2\repository\org\apiguardian\apiguardian-api\1.1.2\apiguardian-api-1.1.2.jar;C:\Users\jarunkur\.m2\repository\org\junit\jupiter\junit-jupiter-engine\5.10.2\junit-jupiter-engine-5.10.2.jar;C:\Users\jarunkur\.m2\repository\org\junit\platform\junit-platform-engine\1.10.2\junit-platform-engine-1.10.2.jar;C:\Users\jarunkur\.m2\repository\org\junit\jupiter\junit-jupiter-params\5.10.2\junit-jupiter-params-5.10.2.jar;C:\Users\jarunkur\.m2\repository\org\hamcrest\hamcrest-junit\2.0.0.0\hamcrest-junit-2.0.0.0.jar;C:\Users\jarunkur\.m2\repository\junit\junit\4.12\junit-4.12.jar;C:\Users\jarunkur\.m2\repository\org\hamcrest\hamcrest-core\1.3\hamcrest-core-1.3.jar;C:\Users\jarunkur\.m2\repository\org\hamcrest\java-hamcrest\2.0.0.0\java-hamcrest-2.0.0.0.jar;C:\Users\jarunkur\.m2\repository\org\mockito\mockito-core\5.14.1\mockito-core-5.14.1.jar;C:\Users\jarunkur\.m2\repository\net\bytebuddy\byte-buddy-agent\1.15.3\byte-buddy-agent-1.15.3.jar;C:\Users\jarunkur\.m2\repository\org\objenesis\objenesis\3.3\objenesis-3.3.jar;C:\Users\jarunkur\.m2\repository\org\mockito\mockito-junit-jupiter\5.14.1\mockito-junit-jupiter-5.14.1.jar;C:\Users\jarunkur\.m2\repository\net\bytebuddy\byte-buddy\1.15.10\byte-buddy-1.15.10.jar;C:\Users\jarunkur\.m2\repository\software\amazon\awssdk\dynamodb\2.33.4\dynamodb-2.33.4.jar;C:\Users\jarunkur\.m2\repository\software\amazon\awssdk\aws-json-protocol\2.33.4\aws-json-protocol-2.33.4.jar;C:\Users\jarunkur\.m2\repository\software\amazon\awssdk\third-party-jackson-core\2.33.4\third-party-jackson-core-2.33.4.jar;C:\Users\jarunkur\.m2\repository\software\amazon\awssdk\protocol-core\2.33.4\protocol-core-2.33.4.jar;C:\Users\jarunkur\.m2\repository\software\amazon\awssdk\profiles\2.33.4\profiles-2.33.4.jar;C:\Users\jarunkur\.m2\repository\software\amazon\awssdk\retries-spi\2.33.4\retries-spi-2.33.4.jar;C:\Users\jarunkur\.m2\repository\software\amazon\awssdk\http-auth-aws\2.33.4\http-auth-aws-2.33.4.jar;C:\Users\jarunkur\.m2\repository\software\amazon\awssdk\checksums-spi\2.33.4\checksums-spi-2.33.4.jar;C:\Users\jarunkur\.m2\repository\software\amazon\awssdk\checksums\2.33.4\checksums-2.33.4.jar;C:\Users\jarunkur\.m2\repository\software\amazon\awssdk\sdk-core\2.33.4\sdk-core-2.33.4.jar;C:\Users\jarunkur\.m2\repository\software\amazon\awssdk\retries\2.33.4\retries-2.33.4.jar;C:\Users\jarunkur\.m2\repository\org\slf4j\slf4j-api\1.7.36\slf4j-api-1.7.36.jar;C:\Users\jarunkur\.m2\repository\org\reactivestreams\reactive-streams\1.0.4\reactive-streams-1.0.4.jar;C:\Users\jarunkur\.m2\repository\software\amazon\awssdk\auth\2.33.4\auth-2.33.4.jar;C:\Users\jarunkur\.m2\repository\software\amazon\awssdk\http-auth-aws-eventstream\2.33.4\http-auth-aws-eventstream-2.33.4.jar;C:\Users\jarunkur\.m2\repository\software\amazon\eventstream\eventstream\1.0.1\eventstream-1.0.1.jar;C:\Users\jarunkur\.m2\repository\software\amazon\awssdk\http-auth-spi\2.33.4\http-auth-spi-2.33.4.jar;C:\Users\jarunkur\.m2\repository\software\amazon\awssdk\http-auth\2.33.4\http-auth-2.33.4.jar;C:\Users\jarunkur\.m2\repository\software\amazon\awssdk\identity-spi\2.33.4\identity-spi-2.33.4.jar;C:\Users\jarunkur\.m2\repository\software\amazon\awssdk\http-client-spi\2.33.4\http-client-spi-2.33.4.jar;C:\Users\jarunkur\.m2\repository\software\amazon\awssdk\regions\2.33.4\regions-2.33.4.jar;C:\Users\jarunkur\.m2\repository\software\amazon\awssdk\annotations\2.33.4\annotations-2.33.4.jar;C:\Users\jarunkur\.m2\repository\software\amazon\awssdk\utils\2.33.4\utils-2.33.4.jar;C:\Users\jarunkur\.m2\repository\software\amazon\awssdk\aws-core\2.33.4\aws-core-2.33.4.jar;C:\Users\jarunkur\.m2\repository\software\amazon\awssdk\metrics-spi\2.33.4\metrics-spi-2.33.4.jar;C:\Users\jarunkur\.m2\repository\software\amazon\awssdk\json-utils\2.33.4\json-utils-2.33.4.jar;C:\Users\jarunkur\.m2\repository\software\amazon\awssdk\endpoints-spi\2.33.4\endpoints-spi-2.33.4.jar;C:\Users\jarunkur\.m2\repository\software\amazon\awssdk\apache-client\2.33.4\apache-client-2.33.4.jar;C:\Users\jarunkur\.m2\repository\org\apache\httpcomponents\httpclient\4.5.13\httpclient-4.5.13.jar;C:\Users\jarunkur\.m2\repository\commons-logging\commons-logging\1.2\commons-logging-1.2.jar;C:\Users\jarunkur\.m2\repository\org\apache\httpcomponents\httpcore\4.4.16\httpcore-4.4.16.jar;C:\Users\jarunkur\.m2\repository\commons-codec\commons-codec\1.17.1\commons-codec-1.17.1.jar;C:\Users\jarunkur\.m2\repository\software\amazon\awssdk\netty-nio-client\2.33.4\netty-nio-client-2.33.4.jar;C:\Users\jarunkur\.m2\repository\io\netty\netty-codec-http\4.1.126.Final\netty-codec-http-4.1.126.Final.jar;C:\Users\jarunkur\.m2\repository\io\netty\netty-codec-http2\4.1.126.Final\netty-codec-http2-4.1.126.Final.jar;C:\Users\jarunkur\.m2\repository\io\netty\netty-codec\4.1.126.Final\netty-codec-4.1.126.Final.jar;C:\Users\jarunkur\.m2\repository\io\netty\netty-transport\4.1.126.Final\netty-transport-4.1.126.Final.jar;C:\Users\jarunkur\.m2\repository\io\netty\netty-common\4.1.126.Final\netty-common-4.1.126.Final.jar;C:\Users\jarunkur\.m2\repository\io\netty\netty-buffer\4.1.126.Final\netty-buffer-4.1.126.Final.jar;C:\Users\jarunkur\.m2\repository\io\netty\netty-handler\4.1.126.Final\netty-handler-4.1.126.Final.jar;C:\Users\jarunkur\.m2\repository\io\netty\netty-transport-native-unix-common\4.1.126.Final\netty-transport-native-unix-common-4.1.126.Final.jar;C:\Users\jarunkur\.m2\repository\io\netty\netty-transport-classes-epoll\4.1.126.Final\netty-transport-classes-epoll-4.1.126.Final.jar;C:\Users\jarunkur\.m2\repository\io\netty\netty-resolver\4.1.126.Final\netty-resolver-4.1.126.Final.jar;C:\Users\jarunkur\.m2\repository\com\fasterxml\jackson\core\jackson-databind\2.17.2\jackson-databind-2.17.2.jar;C:\Users\jarunkur\.m2\repository\com\fasterxml\jackson\core\jackson-annotations\2.17.2\jackson-annotations-2.17.2.jar;C:\Users\jarunkur\.m2\repository\com\fasterxml\jackson\core\jackson-core\2.17.2\jackson-core-2.17.2.jar;"/>
    <property name="sun.cpu.endian" value="little"/>
    <property name="user.home" value="C:\Users\jarunkur"/>
    <property name="user.language" value="en"/>
    <property name="java.specification.vendor" value="Oracle Corporation"/>
    <property name="java.version.date" value="2025-04-15"/>
    <property name="java.home" value="C:\Users\jarunkur\.jdks\openjdk-24.0.1"/>
    <property name="file.separator" value="\"/>
    <property name="basedir" value="C:\Users\jarunkur\OneDrive - amazon.com\Desktop\Atlas_Capstone\Banking Transaction jarunkur"/>
    <property name="java.vm.compressedOopsMode" value="Zero based"/>
    <property name="line.separator" value="&#10;"/>
    <property name="java.vm.specification.vendor" value="Oracle Corporation"/>
    <property name="java.specification.name" value="Java Platform API Specification"/>
    <property name="surefire.real.class.path" value="C:\Users\jarunkur\AppData\Local\Temp\surefire2763099186264067529\surefirebooter-20251002184454003_3.jar"/>
    <property name="user.script" value=""/>
    <property name="sun.management.compiler" value="HotSpot 64-Bit Tiered Compilers"/>
    <property name="java.runtime.version" value="24.0.1+9-30"/>
    <property name="user.name" value="jarunkur"/>
    <property name="stdout.encoding" value="Cp1252"/>
    <property name="path.separator" value=";"/>
    <property name="os.version" value="10.0"/>
    <property name="java.runtime.name" value="OpenJDK Runtime Environment"/>
    <property name="file.encoding" value="UTF-8"/>
    <property name="java.vm.name" value="OpenJDK 64-Bit Server VM"/>
    <property name="localRepository" value="C:\Users\jarunkur\.m2\repository"/>
    <property name="java.vendor.url.bug" value="https://bugreport.java.com/bugreport/"/>
    <property name="java.io.tmpdir" value="C:\Users\jarunkur\AppData\Local\Temp\"/>
    <property name="idea.version" value="2025.1.3"/>
    <property name="java.version" value="24.0.1"/>
    <property name="user.dir" value="C:\Users\jarunkur\OneDrive - amazon.com\Desktop\Atlas_Capstone\Banking Transaction jarunkur"/>
    <property name="os.arch" value="amd64"/>
    <property name="java.vm.specification.name" value="Java Virtual Machine Specification"/>
    <property name="sun.os.patch.level" value=""/>
    <property name="native.encoding" value="Cp1252"/>
    <property name="java.library.path" value="C:\Users\jarunkur\.jdks\openjdk-24.0.1\bin;C:\WINDOWS\Sun\Java\bin;C:\WINDOWS\system32;C:\WINDOWS;C:\Program Files\Common Files\Oracle\Java\javapath;C:\Program Files (x86)\Common Files\Oracle\Java\java8path;C:\Program Files (x86)\Common Files\Oracle\Java\javapath;C:\Program Files\itacsvc;C:\WINDOWS\system32;C:\WINDOWS;C:\WINDOWS\System32\Wbem;C:\WINDOWS\System32\WindowsPowerShell\v1.0\;C:\WINDOWS\System32\OpenSSH\;C:\Program Files\dotnet\;C:\Program Files\PuTTY\;C:\Program Files\Microsoft VS Code\bin;C:\Program Files\Common Files\AmazonMidwayClientSuite\bin\;C:\Program Files (x86)\ACMEGuardian\;C:\Program Files\Amazon\FOPAzureADMAnagementApp\;C:\Program Files\Amazon\AWSCLIV2\;C:\Program Files (x86)\Quarantine\;C:\Users\jarunkur\AppData\Local\Microsoft\WindowsApps;C:\Program Files\JetBrains\IntelliJ IDEA 2025.1.2\bin;;C:\Users\jarunkur\AppData\Local\Programs\Git\cmd;C:\Program Files\JetBrains\IntelliJ IDEA Community Edition 2025.1.3\bin;;."/>
    <property name="java.vm.info" value="mixed mode, sharing"/>
    <property name="stderr.encoding" value="Cp1252"/>
    <property name="java.vendor" value="Oracle Corporation"/>
    <property name="java.vm.version" value="24.0.1+9-30"/>
    <property name="sun.io.unicode.encoding" value="UnicodeLittle"/>
    <property name="java.class.version" value="68.0"/>
  </properties>
  <testcase name="testSingletonClient" classname="org.atlas.bank.DynamoDbClientProviderTest" time="0.006"/>
</testsuite>